f:\ce_ms\hpa\hpalabs\mikanji\x64\debug\vc142.pdb
f:\ce_ms\hpa\hpalabs\mikanji\x64\debug\vc142.idb
f:\ce_ms\hpa\hpalabs\mikanji\x64\debug\main.obj
f:\ce_ms\hpa\hpalabs\x64\debug\mikanji.exe
f:\ce_ms\hpa\hpalabs\mikanji\x64\debug\mikanji.ilk
f:\ce_ms\hpa\hpalabs\x64\debug\mikanji.pdb
f:\ce_ms\hpa\hpalabs\x64\debug\mikanji.lib
f:\ce_ms\hpa\hpalabs\x64\debug\mikanji.exp
f:\ce_ms\hpa\hpalabs\mikanji\x64\debug\gpudataset.cu.cache
f:\ce_ms\hpa\hpalabs\mikanji\x64\debug\gpudataset.cu.obj
f:\ce_ms\hpa\hpalabs\mikanji\x64\debug\main.obj.enc
f:\ce_ms\hpa\hpalabs\mikanji\x64\debug\mikanji.tlog\cl.command.1.tlog
f:\ce_ms\hpa\hpalabs\mikanji\x64\debug\mikanji.tlog\cl.read.1.tlog
f:\ce_ms\hpa\hpalabs\mikanji\x64\debug\mikanji.tlog\cl.write.1.tlog
f:\ce_ms\hpa\hpalabs\mikanji\x64\debug\mikanji.tlog\cudacompile.read.1u.tlog
f:\ce_ms\hpa\hpalabs\mikanji\x64\debug\mikanji.tlog\cudacompile.write.1u.tlog
f:\ce_ms\hpa\hpalabs\mikanji\x64\debug\mikanji.tlog\link.command.1.tlog
f:\ce_ms\hpa\hpalabs\mikanji\x64\debug\mikanji.tlog\link.read.1.tlog
f:\ce_ms\hpa\hpalabs\mikanji\x64\debug\mikanji.tlog\link.write.1.tlog
f:\ce_ms\hpa\hpalabs\mikanji\x64\debug\mikanji.tlog\mikanji.write.1u.tlog
